2026-07-23 20:28:50.175 [background-preinit] INFO  o.h.validator.internal.util.Version - HV000001: Hibernate Validator 8.0.3.Final
2026-07-23 20:28:50.190 [Test worker] INFO  c.c.s.u.c.crew.CrewProfileTest - Starting CrewProfileTest using Java 21.0.10 with PID 43738 (started by taehee in /Users/taehee/Documents/ceos_spring/CONX)
2026-07-23 20:28:50.190 [Test worker] INFO  c.c.s.u.c.crew.CrewProfileTest - The following 1 profile is active: "local"
2026-07-23 20:28:50.943 [Test worker] INFO  o.s.d.r.c.RepositoryConfigurationDelegate - Multiple Spring Data modules found, entering strict repository configuration mode
2026-07-23 20:28:50.944 [Test worker] INFO  o.s.d.r.c.RepositoryConfigurationDelegate - Bootstrapping Spring Data JPA repositories in DEFAULT mode.
2026-07-23 20:28:51.175 [Test worker] INFO  o.s.d.r.c.RepositoryConfigurationDelegate - Finished Spring Data repository scanning in 222 ms. Found 24 JPA repository interfaces.
2026-07-23 20:28:51.183 [Test worker] INFO  o.s.d.r.c.RepositoryConfigurationDelegate - Multiple Spring Data modules found, entering strict repository configuration mode
2026-07-23 20:28:51.184 [Test worker] INFO  o.s.d.r.c.RepositoryConfigurationDelegate - Bootstrapping Spring Data Redis repositories in DEFAULT mode.
2026-07-23 20:28:51.194 [Test worker] INFO  o.s.d.r.c.RepositoryConfigurationExtensionSupport - Spring Data Redis - Could not safely identify store assignment for repository candidate interface com.conx.server.bookmark.repository.CrewBookmarkRepository; If you want this repository to be a Redis repository, consider annotating your entities with one of these annotations: org.springframework.data.redis.core.RedisHash (preferred), or consider extending one of the following types with your repository: org.springframework.data.keyvalue.repository.KeyValueRepository
2026-07-23 20:28:51.194 [Test worker] INFO  o.s.d.r.c.RepositoryConfigurationExtensionSupport - Spring Data Redis - Could not safely identify store assignment for repository candidate interface com.conx.server.bookmark.repository.ProjectBookmarkRepository; If you want this repository to be a Redis repository, consider annotating your entities with one of these annotations: org.springframework.data.redis.core.RedisHash (preferred), or consider extending one of the following types with your repository: org.springframework.data.keyvalue.repository.KeyValueRepository
2026-07-23 20:28:51.194 [Test worker] INFO  o.s.d.r.c.RepositoryConfigurationExtensionSupport - Spring Data Redis - Could not safely identify store assignment for repository candidate interface com.conx.server.domain.file.repository.FileRepository; If you want this repository to be a Redis repository, consider annotating your entities with one of these annotations: org.springframework.data.redis.core.RedisHash (preferred), or consider extending one of the following types with your repository: org.springframework.data.keyvalue.repository.KeyValueRepository
2026-07-23 20:28:51.194 [Test worker] INFO  o.s.d.r.c.RepositoryConfigurationExtensionSupport - Spring Data Redis - Could not safely identify store assignment for repository candidate interface com.conx.server.notification.repository.NotificationRepository; If you want this repository to be a Redis repository, consider annotating your entities with one of these annotations: org.springframework.data.redis.core.RedisHash (preferred), or consider extending one of the following types with your repository: org.springframework.data.keyvalue.repository.KeyValueRepository
2026-07-23 20:28:51.195 [Test worker] INFO  o.s.d.r.c.RepositoryConfigurationExtensionSupport - Spring Data Redis - Could not safely identify store assignment for repository candidate interface com.conx.server.project.repository.CrewProjectTodoRepository; If you want this repository to be a Redis repository, consider annotating your entities with one of these annotations: org.springframework.data.redis.core.RedisHash (preferred), or consider extending one of the following types with your repository: org.springframework.data.keyvalue.repository.KeyValueRepository
2026-07-23 20:28:51.195 [Test worker] INFO  o.s.d.r.c.RepositoryConfigurationExtensionSupport - Spring Data Redis - Could not safely identify store assignment for repository candidate interface com.conx.server.project.repository.ProjectApplicationRepository; If you want this repository to be a Redis repository, consider annotating your entities with one of these annotations: org.springframework.data.redis.core.RedisHash (preferred), or consider extending one of the following types with your repository: org.springframework.data.keyvalue.repository.KeyValueRepository
2026-07-23 20:28:51.195 [Test worker] INFO  o.s.d.r.c.RepositoryConfigurationExtensionSupport - Spring Data Redis - Could not safely identify store assignment for repository candidate interface com.conx.server.project.repository.ProjectInspectionFeedbackRepository; If you want this repository to be a Redis repository, consider annotating your entities with one of these annotations: org.springframework.data.redis.core.RedisHash (preferred), or consider extending one of the following types with your repository: org.springframework.data.keyvalue.repository.KeyValueRepository
2026-07-23 20:28:51.195 [Test worker] INFO  o.s.d.r.c.RepositoryConfigurationExtensionSupport - Spring Data Redis - Could not safely identify store assignment for repository candidate interface com.conx.server.project.repository.ProjectQuestionRepository; If you want this repository to be a Redis repository, consider annotating your entities with one of these annotations: org.springframework.data.redis.core.RedisHash (preferred), or consider extending one of the following types with your repository: org.springframework.data.keyvalue.repository.KeyValueRepository
2026-07-23 20:28:51.195 [Test worker] INFO  o.s.d.r.c.RepositoryConfigurationExtensionSupport - Spring Data Redis - Could not safely identify store assignment for repository candidate interface com.conx.server.project.repository.ProjectRepository; If you want this repository to be a Redis repository, consider annotating your entities with one of these annotations: org.springframework.data.redis.core.RedisHash (preferred), or consider extending one of the following types with your repository: org.springframework.data.keyvalue.repository.KeyValueRepository
2026-07-23 20:28:51.195 [Test worker] INFO  o.s.d.r.c.RepositoryConfigurationExtensionSupport - Spring Data Redis - Could not safely identify store assignment for repository candidate interface com.conx.server.project.repository.ProjectSettlementRepository; If you want this repository to be a Redis repository, consider annotating your entities with one of these annotations: org.springframework.data.redis.core.RedisHash (preferred), or consider extending one of the following types with your repository: org.springframework.data.keyvalue.repository.KeyValueRepository
2026-07-23 20:28:51.195 [Test worker] INFO  o.s.d.r.c.RepositoryConfigurationExtensionSupport - Spring Data Redis - Could not safely identify store assignment for repository candidate interface com.conx.server.project.repository.ProjectSubmissionCriteriaRepository; If you want this repository to be a Redis repository, consider annotating your entities with one of these annotations: org.springframework.data.redis.core.RedisHash (preferred), or consider extending one of the following types with your repository: org.springframework.data.keyvalue.repository.KeyValueRepository
2026-07-23 20:28:51.195 [Test worker] INFO  o.s.d.r.c.RepositoryConfigurationExtensionSupport - Spring Data Redis - Could not safely identify store assignment for repository candidate interface com.conx.server.project.repository.ProjectSubmissionRepository; If you want this repository to be a Redis repository, consider annotating your entities with one of these annotations: org.springframework.data.redis.core.RedisHash (preferred), or consider extending one of the following types with your repository: org.springframework.data.keyvalue.repository.KeyValueRepository
2026-07-23 20:28:51.196 [Test worker] INFO  o.s.d.r.c.RepositoryConfigurationExtensionSupport - Spring Data Redis - Could not safely identify store assignment for repository candidate interface com.conx.server.user.repository.AdminRepository; If you want this repository to be a Redis repository, consider annotating your entities with one of these annotations: org.springframework.data.redis.core.RedisHash (preferred), or consider extending one of the following types with your repository: org.springframework.data.keyvalue.repository.KeyValueRepository
2026-07-23 20:28:51.196 [Test worker] INFO  o.s.d.r.c.RepositoryConfigurationExtensionSupport - Spring Data Redis - Could not safely identify store assignment for repository candidate interface com.conx.server.user.repository.CompanyRepository; If you want this repository to be a Redis repository, consider annotating your entities with one of these annotations: org.springframework.data.redis.core.RedisHash (preferred), or consider extending one of the following types with your repository: org.springframework.data.keyvalue.repository.KeyValueRepository
2026-07-23 20:28:51.196 [Test worker] INFO  o.s.d.r.c.RepositoryConfigurationExtensionSupport - Spring Data Redis - Could not safely identify store assignment for repository candidate interface com.conx.server.user.repository.CrewEvaluationRepository; If you want this repository to be a Redis repository, consider annotating your entities with one of these annotations: org.springframework.data.redis.core.RedisHash (preferred), or consider extending one of the following types with your repository: org.springframework.data.keyvalue.repository.KeyValueRepository
2026-07-23 20:28:51.196 [Test worker] INFO  o.s.d.r.c.RepositoryConfigurationExtensionSupport - Spring Data Redis - Could not safely identify store assignment for repository candidate interface com.conx.server.user.repository.CrewFileRepository; If you want this repository to be a Redis repository, consider annotating your entities with one of these annotations: org.springframework.data.redis.core.RedisHash (preferred), or consider extending one of the following types with your repository: org.springframework.data.keyvalue.repository.KeyValueRepository
2026-07-23 20:28:51.196 [Test worker] INFO  o.s.d.r.c.RepositoryConfigurationExtensionSupport - Spring Data Redis - Could not safely identify store assignment for repository candidate interface com.conx.server.user.repository.CrewLinkRepository; If you want this repository to be a Redis repository, consider annotating your entities with one of these annotations: org.springframework.data.redis.core.RedisHash (preferred), or consider extending one of the following types with your repository: org.springframework.data.keyvalue.repository.KeyValueRepository
2026-07-23 20:28:51.196 [Test worker] INFO  o.s.d.r.c.RepositoryConfigurationExtensionSupport - Spring Data Redis - Could not safely identify store assignment for repository candidate interface com.conx.server.user.repository.CrewRepository; If you want this repository to be a Redis repository, consider annotating your entities with one of these annotations: org.springframework.data.redis.core.RedisHash (preferred), or consider extending one of the following types with your repository: org.springframework.data.keyvalue.repository.KeyValueRepository
2026-07-23 20:28:51.197 [Test worker] INFO  o.s.d.r.c.RepositoryConfigurationExtensionSupport - Spring Data Redis - Could not safely identify store assignment for repository candidate interface com.conx.server.user.repository.CrewRepresentativeProjectRepository; If you want this repository to be a Redis repository, consider annotating your entities with one of these annotations: org.springframework.data.redis.core.RedisHash (preferred), or consider extending one of the following types with your repository: org.springframework.data.keyvalue.repository.KeyValueRepository
2026-07-23 20:28:51.197 [Test worker] INFO  o.s.d.r.c.RepositoryConfigurationExtensionSupport - Spring Data Redis - Could not safely identify store assignment for repository candidate interface com.conx.server.user.repository.EmailViewLogRepository; If you want this repository to be a Redis repository, consider annotating your entities with one of these annotations: org.springframework.data.redis.core.RedisHash (preferred), or consider extending one of the following types with your repository: org.springframework.data.keyvalue.repository.KeyValueRepository
2026-07-23 20:28:51.197 [Test worker] INFO  o.s.d.r.c.RepositoryConfigurationExtensionSupport - Spring Data Redis - Could not safely identify store assignment for repository candidate interface com.conx.server.user.repository.EvaluationRepository; If you want this repository to be a Redis repository, consider annotating your entities with one of these annotations: org.springframework.data.redis.core.RedisHash (preferred), or consider extending one of the following types with your repository: org.springframework.data.keyvalue.repository.KeyValueRepository
2026-07-23 20:28:51.197 [Test worker] INFO  o.s.d.r.c.RepositoryConfigurationExtensionSupport - Spring Data Redis - Could not safely identify store assignment for repository candidate interface com.conx.server.user.repository.PersonalInformationConsentRepository; If you want this repository to be a Redis repository, consider annotating your entities with one of these annotations: org.springframework.data.redis.core.RedisHash (preferred), or consider extending one of the following types with your repository: org.springframework.data.keyvalue.repository.KeyValueRepository
2026-07-23 20:28:51.197 [Test worker] INFO  o.s.d.r.c.RepositoryConfigurationExtensionSupport - Spring Data Redis - Could not safely identify store assignment for repository candidate interface com.conx.server.user.repository.PortfolioRepository; If you want this repository to be a Redis repository, consider annotating your entities with one of these annotations: org.springframework.data.redis.core.RedisHash (preferred), or consider extending one of the following types with your repository: org.springframework.data.keyvalue.repository.KeyValueRepository
2026-07-23 20:28:51.197 [Test worker] INFO  o.s.d.r.c.RepositoryConfigurationExtensionSupport - Spring Data Redis - Could not safely identify store assignment for repository candidate interface com.conx.server.user.repository.PromotionalMessageConsentRepository; If you want this repository to be a Redis repository, consider annotating your entities with one of these annotations: org.springframework.data.redis.core.RedisHash (preferred), or consider extending one of the following types with your repository: org.springframework.data.keyvalue.repository.KeyValueRepository
2026-07-23 20:28:51.197 [Test worker] INFO  o.s.d.r.c.RepositoryConfigurationDelegate - Finished Spring Data repository scanning in 10 ms. Found 0 Redis repository interfaces.
2026-07-23 20:28:51.680 [Test worker] INFO  o.h.jpa.internal.util.LogHelper - HHH000204: Processing PersistenceUnitInfo [name: default]
2026-07-23 20:28:51.703 [Test worker] INFO  org.hibernate.Version - HHH000412: Hibernate ORM core version 6.6.29.Final
2026-07-23 20:28:51.719 [Test worker] INFO  o.h.c.i.RegionFactoryInitiator - HHH000026: Second-level cache disabled
2026-07-23 20:28:51.853 [Test worker] INFO  o.s.o.j.p.SpringPersistenceUnitInfo - No LoadTimeWeaver setup: ignoring JPA class transformer
2026-07-23 20:28:51.871 [Test worker] INFO  com.zaxxer.hikari.HikariDataSource - HikariPool-1 - Starting...
2026-07-23 20:28:51.963 [Test worker] INFO  com.zaxxer.hikari.pool.HikariPool - HikariPool-1 - Added connection conn0: url=jdbc:h2:mem:testdb user=SA
2026-07-23 20:28:51.964 [Test worker] INFO  com.zaxxer.hikari.HikariDataSource - HikariPool-1 - Start completed.
2026-07-23 20:28:51.976 [Test worker] WARN  org.hibernate.orm.deprecation - HHH90000025: H2Dialect does not need to be specified explicitly using 'hibernate.dialect' (remove the property setting and it will be selected by default)
2026-07-23 20:28:51.983 [Test worker] INFO  o.hibernate.orm.connections.pooling - HHH10001005: Database info:
	Database JDBC URL [Connecting through datasource 'HikariDataSource (HikariPool-1)']
	Database driver: undefined/unknown
	Database version: 2.3.232
	Autocommit mode: undefined/unknown
	Isolation level: undefined/unknown
	Minimum pool size: undefined/unknown
	Maximum pool size: undefined/unknown
2026-07-23 20:28:52.448 [Test worker] INFO  o.h.e.t.j.p.i.JtaPlatformInitiator - HHH000489: No JTA platform available (set 'hibernate.transaction.jta.platform' to enable JTA platform integration)
2026-07-23 20:28:52.499 [Test worker] INFO  o.s.o.j.LocalContainerEntityManagerFactoryBean - Initialized JPA EntityManagerFactory for persistence unit 'default'
2026-07-23 20:28:52.613 [Test worker] INFO  o.s.d.j.r.query.QueryEnhancerFactory - Hibernate is in classpath; If applicable, HQL parser will be used.
2026-07-23 20:28:54.834 [Test worker] WARN  o.s.b.a.o.j.JpaBaseConfiguration$JpaWebConfiguration - spring.jpa.open-in-view is enabled by default. Therefore, database queries may be performed during view rendering. Explicitly configure spring.jpa.open-in-view to disable this warning
2026-07-23 20:28:54.974 [Test worker] INFO  o.s.b.a.e.web.EndpointLinksResolver - Exposing 3 endpoints beneath base path '/actuator'
2026-07-23 20:28:54.990 [Test worker] INFO  o.s.s.c.a.a.c.InitializeUserDetailsBeanManagerConfigurer$InitializeUserDetailsManagerConfigurer - Global AuthenticationManager configured with UserDetailsService bean with name customUserDetailsService
2026-07-23 20:28:55.200 [Test worker] INFO  o.s.b.a.h.H2ConsoleAutoConfiguration - H2 console available at '/h2-console'. Database available at 'jdbc:h2:mem:testdb'
2026-07-23 20:28:55.231 [Test worker] INFO  o.s.b.t.m.w.SpringBootMockServletContext - Initializing Spring TestDispatcherServlet ''
2026-07-23 20:28:55.231 [Test worker] INFO  o.s.t.w.s.TestDispatcherServlet - Initializing Servlet ''
2026-07-23 20:28:55.232 [Test worker] INFO  o.s.t.w.s.TestDispatcherServlet - Completed initialization in 1 ms
2026-07-23 20:28:55.264 [Test worker] INFO  c.c.s.u.c.crew.CrewProfileTest - Started CrewProfileTest in 5.221 seconds (process running for 5.675)
2026-07-23 20:28:55.297 [Test worker] WARN  o.s.c.events.SpringDocAppInitializer - SpringDoc /v3/api-docs endpoint is enabled by default. To disable it in production, set the property 'springdoc.api-docs.enabled=false'
2026-07-23 20:28:55.297 [Test worker] WARN  o.s.c.events.SpringDocAppInitializer - SpringDoc /swagger-ui.html endpoint is enabled by default. To disable it in production, set the property 'springdoc.swagger-ui.enabled=false'
2026-07-23 20:28:56.316 [Test worker] WARN  o.s.d.w.c.SpringDataJacksonConfiguration$PageModule$WarningLoggingModifier - Serializing PageImpl instances as-is is not supported, meaning that there is no guarantee about the stability of the resulting JSON structure!
	For a stable JSON structure, please use Spring Data's PagedModel (globally via @EnableSpringDataWebSupport(pageSerializationMode = VIA_DTO))
	or Spring HATEOAS and Spring Data's PagedResourcesAssembler as documented in https://docs.spring.io/spring-data/commons/reference/repositories/core-extensions.html#core.web.pageables.

2026-07-23 20:28:56.981 [SpringApplicationShutdownHook] INFO  o.s.o.j.LocalContainerEntityManagerFactoryBean - Closing JPA EntityManagerFactory for persistence unit 'default'
2026-07-23 20:28:56.987 [SpringApplicationShutdownHook] INFO  com.zaxxer.hikari.HikariDataSource - HikariPool-1 - Shutdown initiated...
2026-07-23 20:28:56.987 [SpringApplicationShutdownHook] INFO  com.zaxxer.hikari.HikariDataSource - HikariPool-1 - Shutdown completed.
2026-07-23 20:29:01.326 [Test worker] INFO  c.c.s.u.c.admin.AdminWorkSpaceTest - Starting AdminWorkSpaceTest using Java 21.0.10 with PID 43809 (started by taehee in /Users/taehee/Documents/ceos_spring/CONX)
2026-07-23 20:29:01.327 [Test worker] INFO  c.c.s.u.c.admin.AdminWorkSpaceTest - The following 1 profile is active: "local"
2026-07-23 20:29:01.678 [Test worker] INFO  o.s.d.r.c.RepositoryConfigurationDelegate - Multiple Spring Data modules found, entering strict repository configuration mode
2026-07-23 20:29:01.678 [Test worker] INFO  o.s.d.r.c.RepositoryConfigurationDelegate - Bootstrapping Spring Data JPA repositories in DEFAULT mode.
2026-07-23 20:29:01.718 [Test worker] INFO  o.s.d.r.c.RepositoryConfigurationDelegate - Finished Spring Data repository scanning in 32 ms. Found 24 JPA repository interfaces.
2026-07-23 20:29:01.724 [Test worker] INFO  o.s.d.r.c.RepositoryConfigurationDelegate - Multiple Spring Data modules found, entering strict repository configuration mode
2026-07-23 20:29:01.724 [Test worker] INFO  o.s.d.r.c.RepositoryConfigurationDelegate - Bootstrapping Spring Data Redis repositories in DEFAULT mode.
2026-07-23 20:29:01.734 [Test worker] INFO  o.s.d.r.c.RepositoryConfigurationExtensionSupport - Spring Data Redis - Could not safely identify store assignment for repository candidate interface com.conx.server.bookmark.repository.CrewBookmarkRepository; If you want this repository to be a Redis repository, consider annotating your entities with one of these annotations: org.springframework.data.redis.core.RedisHash (preferred), or consider extending one of the following types with your repository: org.springframework.data.keyvalue.repository.KeyValueRepository
2026-07-23 20:29:01.734 [Test worker] INFO  o.s.d.r.c.RepositoryConfigurationExtensionSupport - Spring Data Redis - Could not safely identify store assignment for repository candidate interface com.conx.server.bookmark.repository.ProjectBookmarkRepository; If you want this repository to be a Redis repository, consider annotating your entities with one of these annotations: org.springframework.data.redis.core.RedisHash (preferred), or consider extending one of the following types with your repository: org.springframework.data.keyvalue.repository.KeyValueRepository
2026-07-23 20:29:01.734 [Test worker] INFO  o.s.d.r.c.RepositoryConfigurationExtensionSupport - Spring Data Redis - Could not safely identify store assignment for repository candidate interface com.conx.server.domain.file.repository.FileRepository; If you want this repository to be a Redis repository, consider annotating your entities with one of these annotations: org.springframework.data.redis.core.RedisHash (preferred), or consider extending one of the following types with your repository: org.springframework.data.keyvalue.repository.KeyValueRepository
2026-07-23 20:29:01.734 [Test worker] INFO  o.s.d.r.c.RepositoryConfigurationExtensionSupport - Spring Data Redis - Could not safely identify store assignment for repository candidate interface com.conx.server.notification.repository.NotificationRepository; If you want this repository to be a Redis repository, consider annotating your entities with one of these annotations: org.springframework.data.redis.core.RedisHash (preferred), or consider extending one of the following types with your repository: org.springframework.data.keyvalue.repository.KeyValueRepository
2026-07-23 20:29:01.735 [Test worker] INFO  o.s.d.r.c.RepositoryConfigurationExtensionSupport - Spring Data Redis - Could not safely identify store assignment for repository candidate interface com.conx.server.project.repository.CrewProjectTodoRepository; If you want this repository to be a Redis repository, consider annotating your entities with one of these annotations: org.springframework.data.redis.core.RedisHash (preferred), or consider extending one of the following types with your repository: org.springframework.data.keyvalue.repository.KeyValueRepository
2026-07-23 20:29:01.735 [Test worker] INFO  o.s.d.r.c.RepositoryConfigurationExtensionSupport - Spring Data Redis - Could not safely identify store assignment for repository candidate interface com.conx.server.project.repository.ProjectApplicationRepository; If you want this repository to be a Redis repository, consider annotating your entities with one of these annotations: org.springframework.data.redis.core.RedisHash (preferred), or consider extending one of the following types with your repository: org.springframework.data.keyvalue.repository.KeyValueRepository
2026-07-23 20:29:01.735 [Test worker] INFO  o.s.d.r.c.RepositoryConfigurationExtensionSupport - Spring Data Redis - Could not safely identify store assignment for repository candidate interface com.conx.server.project.repository.ProjectInspectionFeedbackRepository; If you want this repository to be a Redis repository, consider annotating your entities with one of these annotations: org.springframework.data.redis.core.RedisHash (preferred), or consider extending one of the following types with your repository: org.springframework.data.keyvalue.repository.KeyValueRepository
2026-07-23 20:29:01.735 [Test worker] INFO  o.s.d.r.c.RepositoryConfigurationExtensionSupport - Spring Data Redis - Could not safely identify store assignment for repository candidate interface com.conx.server.project.repository.ProjectQuestionRepository; If you want this repository to be a Redis repository, consider annotating your entities with one of these annotations: org.springframework.data.redis.core.RedisHash (preferred), or consider extending one of the following types with your repository: org.springframework.data.keyvalue.repository.KeyValueRepository
2026-07-23 20:29:01.735 [Test worker] INFO  o.s.d.r.c.RepositoryConfigurationExtensionSupport - Spring Data Redis - Could not safely identify store assignment for repository candidate interface com.conx.server.project.repository.ProjectRepository; If you want this repository to be a Redis repository, consider annotating your entities with one of these annotations: org.springframework.data.redis.core.RedisHash (preferred), or consider extending one of the following types with your repository: org.springframework.data.keyvalue.repository.KeyValueRepository
2026-07-23 20:29:01.735 [Test worker] INFO  o.s.d.r.c.RepositoryConfigurationExtensionSupport - Spring Data Redis - Could not safely identify store assignment for repository candidate interface com.conx.server.project.repository.ProjectSettlementRepository; If you want this repository to be a Redis repository, consider annotating your entities with one of these annotations: org.springframework.data.redis.core.RedisHash (preferred), or consider extending one of the following types with your repository: org.springframework.data.keyvalue.repository.KeyValueRepository
2026-07-23 20:29:01.735 [Test worker] INFO  o.s.d.r.c.RepositoryConfigurationExtensionSupport - Spring Data Redis - Could not safely identify store assignment for repository candidate interface com.conx.server.project.repository.ProjectSubmissionCriteriaRepository; If you want this repository to be a Redis repository, consider annotating your entities with one of these annotations: org.springframework.data.redis.core.RedisHash (preferred), or consider extending one of the following types with your repository: org.springframework.data.keyvalue.repository.KeyValueRepository
2026-07-23 20:29:01.735 [Test worker] INFO  o.s.d.r.c.RepositoryConfigurationExtensionSupport - Spring Data Redis - Could not safely identify store assignment for repository candidate interface com.conx.server.project.repository.ProjectSubmissionRepository; If you want this repository to be a Redis repository, consider annotating your entities with one of these annotations: org.springframework.data.redis.core.RedisHash (preferred), or consider extending one of the following types with your repository: org.springframework.data.keyvalue.repository.KeyValueRepository
2026-07-23 20:29:01.735 [Test worker] INFO  o.s.d.r.c.RepositoryConfigurationExtensionSupport - Spring Data Redis - Could not safely identify store assignment for repository candidate interface com.conx.server.user.repository.AdminRepository; If you want this repository to be a Redis repository, consider annotating your entities with one of these annotations: org.springframework.data.redis.core.RedisHash (preferred), or consider extending one of the following types with your repository: org.springframework.data.keyvalue.repository.KeyValueRepository
2026-07-23 20:29:01.735 [Test worker] INFO  o.s.d.r.c.RepositoryConfigurationExtensionSupport - Spring Data Redis - Could not safely identify store assignment for repository candidate interface com.conx.server.user.repository.CompanyRepository; If you want this repository to be a Redis repository, consider annotating your entities with one of these annotations: org.springframework.data.redis.core.RedisHash (preferred), or consider extending one of the following types with your repository: org.springframework.data.keyvalue.repository.KeyValueRepository
2026-07-23 20:29:01.735 [Test worker] INFO  o.s.d.r.c.RepositoryConfigurationExtensionSupport - Spring Data Redis - Could not safely identify store assignment for repository candidate interface com.conx.server.user.repository.CrewEvaluationRepository; If you want this repository to be a Redis repository, consider annotating your entities with one of these annotations: org.springframework.data.redis.core.RedisHash (preferred), or consider extending one of the following types with your repository: org.springframework.data.keyvalue.repository.KeyValueRepository
2026-07-23 20:29:01.735 [Test worker] INFO  o.s.d.r.c.RepositoryConfigurationExtensionSupport - Spring Data Redis - Could not safely identify store assignment for repository candidate interface com.conx.server.user.repository.CrewFileRepository; If you want this repository to be a Redis repository, consider annotating your entities with one of these annotations: org.springframework.data.redis.core.RedisHash (preferred), or consider extending one of the following types with your repository: org.springframework.data.keyvalue.repository.KeyValueRepository
2026-07-23 20:29:01.735 [Test worker] INFO  o.s.d.r.c.RepositoryConfigurationExtensionSupport - Spring Data Redis - Could not safely identify store assignment for repository candidate interface com.conx.server.user.repository.CrewLinkRepository; If you want this repository to be a Redis repository, consider annotating your entities with one of these annotations: org.springframework.data.redis.core.RedisHash (preferred), or consider extending one of the following types with your repository: org.springframework.data.keyvalue.repository.KeyValueRepository
2026-07-23 20:29:01.735 [Test worker] INFO  o.s.d.r.c.RepositoryConfigurationExtensionSupport - Spring Data Redis - Could not safely identify store assignment for repository candidate interface com.conx.server.user.repository.CrewRepository; If you want this repository to be a Redis repository, consider annotating your entities with one of these annotations: org.springframework.data.redis.core.RedisHash (preferred), or consider extending one of the following types with your repository: org.springframework.data.keyvalue.repository.KeyValueRepository
2026-07-23 20:29:01.736 [Test worker] INFO  o.s.d.r.c.RepositoryConfigurationExtensionSupport - Spring Data Redis - Could not safely identify store assignment for repository candidate interface com.conx.server.user.repository.CrewRepresentativeProjectRepository; If you want this repository to be a Redis repository, consider annotating your entities with one of these annotations: org.springframework.data.redis.core.RedisHash (preferred), or consider extending one of the following types with your repository: org.springframework.data.keyvalue.repository.KeyValueRepository
2026-07-23 20:29:01.736 [Test worker] INFO  o.s.d.r.c.RepositoryConfigurationExtensionSupport - Spring Data Redis - Could not safely identify store assignment for repository candidate interface com.conx.server.user.repository.EmailViewLogRepository; If you want this repository to be a Redis repository, consider annotating your entities with one of these annotations: org.springframework.data.redis.core.RedisHash (preferred), or consider extending one of the following types with your repository: org.springframework.data.keyvalue.repository.KeyValueRepository
2026-07-23 20:29:01.736 [Test worker] INFO  o.s.d.r.c.RepositoryConfigurationExtensionSupport - Spring Data Redis - Could not safely identify store assignment for repository candidate interface com.conx.server.user.repository.EvaluationRepository; If you want this repository to be a Redis repository, consider annotating your entities with one of these annotations: org.springframework.data.redis.core.RedisHash (preferred), or consider extending one of the following types with your repository: org.springframework.data.keyvalue.repository.KeyValueRepository
2026-07-23 20:29:01.736 [Test worker] INFO  o.s.d.r.c.RepositoryConfigurationExtensionSupport - Spring Data Redis - Could not safely identify store assignment for repository candidate interface com.conx.server.user.repository.PersonalInformationConsentRepository; If you want this repository to be a Redis repository, consider annotating your entities with one of these annotations: org.springframework.data.redis.core.RedisHash (preferred), or consider extending one of the following types with your repository: org.springframework.data.keyvalue.repository.KeyValueRepository
2026-07-23 20:29:01.736 [Test worker] INFO  o.s.d.r.c.RepositoryConfigurationExtensionSupport - Spring Data Redis - Could not safely identify store assignment for repository candidate interface com.conx.server.user.repository.PortfolioRepository; If you want this repository to be a Redis repository, consider annotating your entities with one of these annotations: org.springframework.data.redis.core.RedisHash (preferred), or consider extending one of the following types with your repository: org.springframework.data.keyvalue.repository.KeyValueRepository
2026-07-23 20:29:01.736 [Test worker] INFO  o.s.d.r.c.RepositoryConfigurationExtensionSupport - Spring Data Redis - Could not safely identify store assignment for repository candidate interface com.conx.server.user.repository.PromotionalMessageConsentRepository; If you want this repository to be a Redis repository, consider annotating your entities with one of these annotations: org.springframework.data.redis.core.RedisHash (preferred), or consider extending one of the following types with your repository: org.springframework.data.keyvalue.repository.KeyValueRepository
2026-07-23 20:29:01.736 [Test worker] INFO  o.s.d.r.c.RepositoryConfigurationDelegate - Finished Spring Data repository scanning in 8 ms. Found 0 Redis repository interfaces.
2026-07-23 20:29:01.933 [Test worker] INFO  o.h.jpa.internal.util.LogHelper - HHH000204: Processing PersistenceUnitInfo [name: default]
2026-07-23 20:29:01.952 [Test worker] INFO  org.hibernate.Version - HHH000412: Hibernate ORM core version 6.6.29.Final
2026-07-23 20:29:01.963 [Test worker] INFO  o.h.c.i.RegionFactoryInitiator - HHH000026: Second-level cache disabled
2026-07-23 20:29:01.999 [Test worker] INFO  o.s.o.j.p.SpringPersistenceUnitInfo - No LoadTimeWeaver setup: ignoring JPA class transformer
2026-07-23 20:29:02.008 [Test worker] INFO  com.zaxxer.hikari.HikariDataSource - HikariPool-1 - Starting...
2026-07-23 20:29:02.064 [Test worker] INFO  com.zaxxer.hikari.pool.HikariPool - HikariPool-1 - Added connection conn0: url=jdbc:h2:mem:testdb user=SA
2026-07-23 20:29:02.065 [Test worker] INFO  com.zaxxer.hikari.HikariDataSource - HikariPool-1 - Start completed.
2026-07-23 20:29:02.072 [Test worker] WARN  org.hibernate.orm.deprecation - HHH90000025: H2Dialect does not need to be specified explicitly using 'hibernate.dialect' (remove the property setting and it will be selected by default)
2026-07-23 20:29:02.078 [Test worker] INFO  o.hibernate.orm.connections.pooling - HHH10001005: Database info:
	Database JDBC URL [Connecting through datasource 'HikariDataSource (HikariPool-1)']
	Database driver: undefined/unknown
	Database version: 2.3.232
	Autocommit mode: undefined/unknown
	Isolation level: undefined/unknown
	Minimum pool size: undefined/unknown
	Maximum pool size: undefined/unknown
2026-07-23 20:29:02.467 [Test worker] INFO  o.h.e.t.j.p.i.JtaPlatformInitiator - HHH000489: No JTA platform available (set 'hibernate.transaction.jta.platform' to enable JTA platform integration)
2026-07-23 20:29:02.515 [Test worker] INFO  o.s.o.j.LocalContainerEntityManagerFactoryBean - Initialized JPA EntityManagerFactory for persistence unit 'default'
2026-07-23 20:29:02.600 [Test worker] INFO  o.s.d.j.r.query.QueryEnhancerFactory - Hibernate is in classpath; If applicable, HQL parser will be used.
2026-07-23 20:29:04.861 [Test worker] WARN  o.s.b.a.o.j.JpaBaseConfiguration$JpaWebConfiguration - spring.jpa.open-in-view is enabled by default. Therefore, database queries may be performed during view rendering. Explicitly configure spring.jpa.open-in-view to disable this warning
2026-07-23 20:29:04.962 [Test worker] INFO  o.s.b.a.e.web.EndpointLinksResolver - Exposing 3 endpoints beneath base path '/actuator'
2026-07-23 20:29:04.971 [Test worker] INFO  o.s.s.c.a.a.c.InitializeUserDetailsBeanManagerConfigurer$InitializeUserDetailsManagerConfigurer - Global AuthenticationManager configured with UserDetailsService bean with name customUserDetailsService
2026-07-23 20:29:05.111 [Test worker] INFO  o.s.b.a.h.H2ConsoleAutoConfiguration - H2 console available at '/h2-console'. Database available at 'jdbc:h2:mem:testdb'
2026-07-23 20:29:05.122 [Test worker] INFO  o.s.b.t.m.w.SpringBootMockServletContext - Initializing Spring TestDispatcherServlet ''
2026-07-23 20:29:05.122 [Test worker] INFO  o.s.t.w.s.TestDispatcherServlet - Initializing Servlet ''
2026-07-23 20:29:05.122 [Test worker] INFO  o.s.t.w.s.TestDispatcherServlet - Completed initialization in 0 ms
2026-07-23 20:29:05.150 [Test worker] INFO  c.c.s.u.c.admin.AdminWorkSpaceTest - Started AdminWorkSpaceTest in 3.945 seconds (process running for 5.392)
2026-07-23 20:29:05.178 [Test worker] WARN  o.s.c.events.SpringDocAppInitializer - SpringDoc /v3/api-docs endpoint is enabled by default. To disable it in production, set the property 'springdoc.api-docs.enabled=false'
2026-07-23 20:29:05.178 [Test worker] WARN  o.s.c.events.SpringDocAppInitializer - SpringDoc /swagger-ui.html endpoint is enabled by default. To disable it in production, set the property 'springdoc.swagger-ui.enabled=false'
2026-07-23 20:29:05.922 [Test worker] INFO  o.s.mock.web.MockServletContext - Initializing Spring TestDispatcherServlet ''
2026-07-23 20:29:05.922 [Test worker] INFO  o.s.t.w.s.TestDispatcherServlet - Initializing Servlet ''
2026-07-23 20:29:05.922 [Test worker] INFO  o.s.t.w.s.TestDispatcherServlet - Completed initialization in 0 ms
2026-07-23 20:29:05.928 [Test worker] INFO  o.s.mock.web.MockServletContext - Initializing Spring TestDispatcherServlet ''
2026-07-23 20:29:05.928 [Test worker] INFO  o.s.t.w.s.TestDispatcherServlet - Initializing Servlet ''
2026-07-23 20:29:05.928 [Test worker] INFO  o.s.t.w.s.TestDispatcherServlet - Completed initialization in 0 ms
2026-07-23 20:29:05.933 [Test worker] INFO  o.s.mock.web.MockServletContext - Initializing Spring TestDispatcherServlet ''
2026-07-23 20:29:05.933 [Test worker] INFO  o.s.t.w.s.TestDispatcherServlet - Initializing Servlet ''
2026-07-23 20:29:05.933 [Test worker] INFO  o.s.t.w.s.TestDispatcherServlet - Completed initialization in 0 ms
2026-07-23 20:29:05.964 [Test worker] INFO  o.s.mock.web.MockServletContext - Initializing Spring TestDispatcherServlet ''
2026-07-23 20:29:05.964 [Test worker] INFO  o.s.t.w.s.TestDispatcherServlet - Initializing Servlet ''
2026-07-23 20:29:05.964 [Test worker] INFO  o.s.t.w.s.TestDispatcherServlet - Completed initialization in 0 ms
2026-07-23 20:29:05.972 [Test worker] INFO  o.s.mock.web.MockServletContext - Initializing Spring TestDispatcherServlet ''
2026-07-23 20:29:05.972 [Test worker] INFO  o.s.t.w.s.TestDispatcherServlet - Initializing Servlet ''
2026-07-23 20:29:05.972 [Test worker] INFO  o.s.t.w.s.TestDispatcherServlet - Completed initialization in 0 ms
2026-07-23 20:29:05.977 [Test worker] INFO  o.s.mock.web.MockServletContext - Initializing Spring TestDispatcherServlet ''
2026-07-23 20:29:05.977 [Test worker] INFO  o.s.t.w.s.TestDispatcherServlet - Initializing Servlet ''
2026-07-23 20:29:05.977 [Test worker] INFO  o.s.t.w.s.TestDispatcherServlet - Completed initialization in 0 ms
2026-07-23 20:29:05.984 [Test worker] INFO  o.s.mock.web.MockServletContext - Initializing Spring TestDispatcherServlet ''
2026-07-23 20:29:05.984 [Test worker] INFO  o.s.t.w.s.TestDispatcherServlet - Initializing Servlet ''
2026-07-23 20:29:05.984 [Test worker] INFO  o.s.t.w.s.TestDispatcherServlet - Completed initialization in 0 ms
2026-07-23 20:29:05.989 [Test worker] INFO  o.s.mock.web.MockServletContext - Initializing Spring TestDispatcherServlet ''
2026-07-23 20:29:05.989 [Test worker] INFO  o.s.t.w.s.TestDispatcherServlet - Initializing Servlet ''
2026-07-23 20:29:05.989 [Test worker] INFO  o.s.t.w.s.TestDispatcherServlet - Completed initialization in 0 ms
2026-07-23 20:29:05.995 [Test worker] INFO  o.s.mock.web.MockServletContext - Initializing Spring TestDispatcherServlet ''
2026-07-23 20:29:05.995 [Test worker] INFO  o.s.t.w.s.TestDispatcherServlet - Initializing Servlet ''
2026-07-23 20:29:05.995 [Test worker] INFO  o.s.t.w.s.TestDispatcherServlet - Completed initialization in 0 ms
2026-07-23 20:29:05.999 [Test worker] INFO  o.s.mock.web.MockServletContext - Initializing Spring TestDispatcherServlet ''
2026-07-23 20:29:05.999 [Test worker] INFO  o.s.t.w.s.TestDispatcherServlet - Initializing Servlet ''
2026-07-23 20:29:05.999 [Test worker] INFO  o.s.t.w.s.TestDispatcherServlet - Completed initialization in 0 ms
2026-07-23 20:29:06.004 [Test worker] INFO  o.s.mock.web.MockServletContext - Initializing Spring TestDispatcherServlet ''
2026-07-23 20:29:06.004 [Test worker] INFO  o.s.t.w.s.TestDispatcherServlet - Initializing Servlet ''
2026-07-23 20:29:06.004 [Test worker] INFO  o.s.t.w.s.TestDispatcherServlet - Completed initialization in 0 ms
2026-07-23 20:29:06.008 [Test worker] INFO  o.s.mock.web.MockServletContext - Initializing Spring TestDispatcherServlet ''
2026-07-23 20:29:06.008 [Test worker] INFO  o.s.t.w.s.TestDispatcherServlet - Initializing Servlet ''
2026-07-23 20:29:06.008 [Test worker] INFO  o.s.t.w.s.TestDispatcherServlet - Completed initialization in 0 ms
2026-07-23 20:29:06.012 [Test worker] INFO  o.s.mock.web.MockServletContext - Initializing Spring TestDispatcherServlet ''
2026-07-23 20:29:06.012 [Test worker] INFO  o.s.t.w.s.TestDispatcherServlet - Initializing Servlet ''
2026-07-23 20:29:06.012 [Test worker] INFO  o.s.t.w.s.TestDispatcherServlet - Completed initialization in 0 ms
2026-07-23 20:29:06.016 [Test worker] INFO  o.s.mock.web.MockServletContext - Initializing Spring TestDispatcherServlet ''
2026-07-23 20:29:06.016 [Test worker] INFO  o.s.t.w.s.TestDispatcherServlet - Initializing Servlet ''
2026-07-23 20:29:06.016 [Test worker] INFO  o.s.t.w.s.TestDispatcherServlet - Completed initialization in 0 ms
2026-07-23 20:29:06.022 [Test worker] INFO  o.s.mock.web.MockServletContext - Initializing Spring TestDispatcherServlet ''
2026-07-23 20:29:06.022 [Test worker] INFO  o.s.t.w.s.TestDispatcherServlet - Initializing Servlet ''
2026-07-23 20:29:06.022 [Test worker] INFO  o.s.t.w.s.TestDispatcherServlet - Completed initialization in 0 ms
2026-07-23 20:29:06.025 [Test worker] INFO  o.s.mock.web.MockServletContext - Initializing Spring TestDispatcherServlet ''
2026-07-23 20:29:06.025 [Test worker] INFO  o.s.t.w.s.TestDispatcherServlet - Initializing Servlet ''
2026-07-23 20:29:06.025 [Test worker] INFO  o.s.t.w.s.TestDispatcherServlet - Completed initialization in 0 ms
2026-07-23 20:29:06.061 [Test worker] INFO  o.s.mock.web.MockServletContext - Initializing Spring TestDispatcherServlet ''
2026-07-23 20:29:06.061 [Test worker] INFO  o.s.t.w.s.TestDispatcherServlet - Initializing Servlet ''
2026-07-23 20:29:06.061 [Test worker] INFO  o.s.t.w.s.TestDispatcherServlet - Completed initialization in 0 ms
2026-07-23 20:29:06.065 [Test worker] WARN  o.s.w.s.m.s.DefaultHandlerExceptionResolver - Resolved [org.springframework.web.bind.MethodArgumentNotValidException: Validation failed for argument [2] in public com.conx.server.global.common.ApiResponse<com.conx.server.user.dto.company.response.CompanySettlementCompleteResponse> com.conx.server.user.controller.company.CompanyWorkspaceController.completeSettlement(com.conx.server.global.security.userDetails.CustomUserDetails,java.lang.Long,com.conx.server.user.dto.company.request.CompanySettlementCompleteRequest): [Field error in object 'companySettlementCompleteRequest' on field 'settlementDate': rejected value [null]; codes [NotNull.companySettlementCompleteRequest.settlementDate,NotNull.settlementDate,NotNull.java.time.LocalDate,NotNull]; arguments [org.springframework.context.support.DefaultMessageSourceResolvable: codes [companySettlementCompleteRequest.settlementDate,settlementDate]; arguments []; default message [settlementDate]]; default message [must not be null]] ]
2026-07-23 20:29:06.070 [Test worker] INFO  o.s.mock.web.MockServletContext - Initializing Spring TestDispatcherServlet ''
2026-07-23 20:29:06.070 [Test worker] INFO  o.s.t.w.s.TestDispatcherServlet - Initializing Servlet ''
2026-07-23 20:29:06.070 [Test worker] INFO  o.s.t.w.s.TestDispatcherServlet - Completed initialization in 0 ms
2026-07-23 20:29:06.085 [Test worker] INFO  o.s.mock.web.MockServletContext - Initializing Spring TestDispatcherServlet ''
2026-07-23 20:29:06.085 [Test worker] INFO  o.s.t.w.s.TestDispatcherServlet - Initializing Servlet ''
2026-07-23 20:29:06.085 [Test worker] INFO  o.s.t.w.s.TestDispatcherServlet - Completed initialization in 0 ms
2026-07-23 20:29:06.090 [Test worker] INFO  o.s.mock.web.MockServletContext - Initializing Spring TestDispatcherServlet ''
2026-07-23 20:29:06.090 [Test worker] INFO  o.s.t.w.s.TestDispatcherServlet - Initializing Servlet ''
2026-07-23 20:29:06.090 [Test worker] INFO  o.s.t.w.s.TestDispatcherServlet - Completed initialization in 0 ms
2026-07-23 20:29:06.098 [Test worker] INFO  o.s.mock.web.MockServletContext - Initializing Spring TestDispatcherServlet ''
2026-07-23 20:29:06.098 [Test worker] INFO  o.s.t.w.s.TestDispatcherServlet - Initializing Servlet ''
2026-07-23 20:29:06.098 [Test worker] INFO  o.s.t.w.s.TestDispatcherServlet - Completed initialization in 0 ms
2026-07-23 20:29:06.104 [Test worker] INFO  o.s.mock.web.MockServletContext - Initializing Spring TestDispatcherServlet ''
2026-07-23 20:29:06.104 [Test worker] INFO  o.s.t.w.s.TestDispatcherServlet - Initializing Servlet ''
2026-07-23 20:29:06.104 [Test worker] INFO  o.s.t.w.s.TestDispatcherServlet - Completed initialization in 0 ms
2026-07-23 20:29:06.110 [Test worker] INFO  o.s.mock.web.MockServletContext - Initializing Spring TestDispatcherServlet ''
2026-07-23 20:29:06.110 [Test worker] INFO  o.s.t.w.s.TestDispatcherServlet - Initializing Servlet ''
2026-07-23 20:29:06.110 [Test worker] INFO  o.s.t.w.s.TestDispatcherServlet - Completed initialization in 0 ms
2026-07-23 20:29:06.114 [Test worker] INFO  o.s.mock.web.MockServletContext - Initializing Spring TestDispatcherServlet ''
2026-07-23 20:29:06.115 [Test worker] INFO  o.s.t.w.s.TestDispatcherServlet - Initializing Servlet ''
2026-07-23 20:29:06.115 [Test worker] INFO  o.s.t.w.s.TestDispatcherServlet - Completed initialization in 0 ms
2026-07-23 20:29:06.119 [Test worker] INFO  o.s.mock.web.MockServletContext - Initializing Spring TestDispatcherServlet ''
2026-07-23 20:29:06.119 [Test worker] INFO  o.s.t.w.s.TestDispatcherServlet - Initializing Servlet ''
2026-07-23 20:29:06.119 [Test worker] INFO  o.s.t.w.s.TestDispatcherServlet - Completed initialization in 0 ms
2026-07-23 20:29:06.123 [Test worker] INFO  o.s.mock.web.MockServletContext - Initializing Spring TestDispatcherServlet ''
2026-07-23 20:29:06.123 [Test worker] INFO  o.s.t.w.s.TestDispatcherServlet - Initializing Servlet ''
2026-07-23 20:29:06.124 [Test worker] INFO  o.s.t.w.s.TestDispatcherServlet - Completed initialization in 1 ms
2026-07-23 20:29:06.131 [Test worker] INFO  o.s.mock.web.MockServletContext - Initializing Spring TestDispatcherServlet ''
2026-07-23 20:29:06.131 [Test worker] INFO  o.s.t.w.s.TestDispatcherServlet - Initializing Servlet ''
2026-07-23 20:29:06.131 [Test worker] INFO  o.s.t.w.s.TestDispatcherServlet - Completed initialization in 0 ms
2026-07-23 20:29:06.139 [Test worker] INFO  o.s.mock.web.MockServletContext - Initializing Spring TestDispatcherServlet ''
2026-07-23 20:29:06.139 [Test worker] INFO  o.s.t.w.s.TestDispatcherServlet - Initializing Servlet ''
2026-07-23 20:29:06.139 [Test worker] INFO  o.s.t.w.s.TestDispatcherServlet - Completed initialization in 0 ms
2026-07-23 20:29:06.144 [Test worker] INFO  o.s.mock.web.MockServletContext - Initializing Spring TestDispatcherServlet ''
2026-07-23 20:29:06.144 [Test worker] INFO  o.s.t.w.s.TestDispatcherServlet - Initializing Servlet ''
2026-07-23 20:29:06.144 [Test worker] INFO  o.s.t.w.s.TestDispatcherServlet - Completed initialization in 0 ms
2026-07-23 20:29:06.149 [Test worker] INFO  o.s.mock.web.MockServletContext - Initializing Spring TestDispatcherServlet ''
2026-07-23 20:29:06.149 [Test worker] INFO  o.s.t.w.s.TestDispatcherServlet - Initializing Servlet ''
2026-07-23 20:29:06.149 [Test worker] INFO  o.s.t.w.s.TestDispatcherServlet - Completed initialization in 0 ms
2026-07-23 20:29:06.153 [Test worker] INFO  o.s.mock.web.MockServletContext - Initializing Spring TestDispatcherServlet ''
2026-07-23 20:29:06.153 [Test worker] INFO  o.s.t.w.s.TestDispatcherServlet - Initializing Servlet ''
2026-07-23 20:29:06.153 [Test worker] INFO  o.s.t.w.s.TestDispatcherServlet - Completed initialization in 0 ms
2026-07-23 20:29:06.160 [Test worker] INFO  o.s.mock.web.MockServletContext - Initializing Spring TestDispatcherServlet ''
2026-07-23 20:29:06.160 [Test worker] INFO  o.s.t.w.s.TestDispatcherServlet - Initializing Servlet ''
2026-07-23 20:29:06.160 [Test worker] INFO  o.s.t.w.s.TestDispatcherServlet - Completed initialization in 0 ms
2026-07-23 20:29:06.197 [Test worker] INFO  o.s.mock.web.MockServletContext - Initializing Spring TestDispatcherServlet ''
2026-07-23 20:29:06.197 [Test worker] INFO  o.s.t.w.s.TestDispatcherServlet - Initializing Servlet ''
2026-07-23 20:29:06.197 [Test worker] INFO  o.s.t.w.s.TestDispatcherServlet - Completed initialization in 0 ms
2026-07-23 20:29:06.205 [Test worker] INFO  o.s.mock.web.MockServletContext - Initializing Spring TestDispatcherServlet ''
2026-07-23 20:29:06.206 [Test worker] INFO  o.s.t.w.s.TestDispatcherServlet - Initializing Servlet ''
2026-07-23 20:29:06.206 [Test worker] INFO  o.s.t.w.s.TestDispatcherServlet - Completed initialization in 0 ms
2026-07-23 20:29:06.212 [Test worker] INFO  o.s.mock.web.MockServletContext - Initializing Spring TestDispatcherServlet ''
2026-07-23 20:29:06.212 [Test worker] INFO  o.s.t.w.s.TestDispatcherServlet - Initializing Servlet ''
2026-07-23 20:29:06.212 [Test worker] INFO  o.s.t.w.s.TestDispatcherServlet - Completed initialization in 0 ms
2026-07-23 20:29:06.219 [Test worker] INFO  o.s.t.c.s.AnnotationConfigContextLoaderUtils - Could not detect default configuration classes for test class [com.conx.server.user.controller.crew.CrewProfileTest]: CrewProfileTest does not declare any static, non-private, non-final, nested classes annotated with @Configuration.
2026-07-23 20:29:06.233 [Test worker] INFO  o.s.b.t.c.SpringBootTestContextBootstrapper - Found @SpringBootConfiguration com.conx.server.ConxServerApplication for test class com.conx.server.user.controller.crew.CrewProfileTest
2026-07-23 20:29:06.579 [Test worker] WARN  o.s.d.w.c.SpringDataJacksonConfiguration$PageModule$WarningLoggingModifier - Serializing PageImpl instances as-is is not supported, meaning that there is no guarantee about the stability of the resulting JSON structure!
	For a stable JSON structure, please use Spring Data's PagedModel (globally via @EnableSpringDataWebSupport(pageSerializationMode = VIA_DTO))
	or Spring HATEOAS and Spring Data's PagedResourcesAssembler as documented in https://docs.spring.io/spring-data/commons/reference/repositories/core-extensions.html#core.web.pageables.

2026-07-23 20:29:07.129 [Test worker] INFO  o.s.t.c.s.AnnotationConfigContextLoaderUtils - Could not detect default configuration classes for test class [com.conx.server.user.controller.crew.CrewWorkSpaceTest]: CrewWorkSpaceTest does not declare any static, non-private, non-final, nested classes annotated with @Configuration.
2026-07-23 20:29:07.130 [Test worker] INFO  o.s.b.t.c.SpringBootTestContextBootstrapper - Found @SpringBootConfiguration com.conx.server.ConxServerApplication for test class com.conx.server.user.controller.crew.CrewWorkSpaceTest
2026-07-23 20:29:12.885 [SpringApplicationShutdownHook] INFO  o.s.o.j.LocalContainerEntityManagerFactoryBean - Closing JPA EntityManagerFactory for persistence unit 'default'
2026-07-23 20:29:12.890 [SpringApplicationShutdownHook] INFO  com.zaxxer.hikari.HikariDataSource - HikariPool-1 - Shutdown initiated...
2026-07-23 20:29:12.891 [SpringApplicationShutdownHook] INFO  com.zaxxer.hikari.HikariDataSource - HikariPool-1 - Shutdown completed.
2026-07-23 20:32:24.463 [Test worker] INFO  c.c.s.u.c.admin.AdminWorkSpaceTest - Starting AdminWorkSpaceTest using Java 21.0.10 with PID 44621 (started by taehee in /Users/taehee/Documents/ceos_spring/CONX)
2026-07-23 20:32:24.464 [Test worker] INFO  c.c.s.u.c.admin.AdminWorkSpaceTest - The following 1 profile is active: "local"
2026-07-23 20:32:24.880 [Test worker] INFO  o.s.d.r.c.RepositoryConfigurationDelegate - Multiple Spring Data modules found, entering strict repository configuration mode
2026-07-23 20:32:24.881 [Test worker] INFO  o.s.d.r.c.RepositoryConfigurationDelegate - Bootstrapping Spring Data JPA repositories in DEFAULT mode.
2026-07-23 20:32:24.920 [Test worker] INFO  o.s.d.r.c.RepositoryConfigurationDelegate - Finished Spring Data repository scanning in 36 ms. Found 24 JPA repository interfaces.
2026-07-23 20:32:24.927 [Test worker] INFO  o.s.d.r.c.RepositoryConfigurationDelegate - Multiple Spring Data modules found, entering strict repository configuration mode
2026-07-23 20:32:24.927 [Test worker] INFO  o.s.d.r.c.RepositoryConfigurationDelegate - Bootstrapping Spring Data Redis repositories in DEFAULT mode.
2026-07-23 20:32:24.938 [Test worker] INFO  o.s.d.r.c.RepositoryConfigurationExtensionSupport - Spring Data Redis - Could not safely identify store assignment for repository candidate interface com.conx.server.bookmark.repository.CrewBookmarkRepository; If you want this repository to be a Redis repository, consider annotating your entities with one of these annotations: org.springframework.data.redis.core.RedisHash (preferred), or consider extending one of the following types with your repository: org.springframework.data.keyvalue.repository.KeyValueRepository
2026-07-23 20:32:24.938 [Test worker] INFO  o.s.d.r.c.RepositoryConfigurationExtensionSupport - Spring Data Redis - Could not safely identify store assignment for repository candidate interface com.conx.server.bookmark.repository.ProjectBookmarkRepository; If you want this repository to be a Redis repository, consider annotating your entities with one of these annotations: org.springframework.data.redis.core.RedisHash (preferred), or consider extending one of the following types with your repository: org.springframework.data.keyvalue.repository.KeyValueRepository
2026-07-23 20:32:24.938 [Test worker] INFO  o.s.d.r.c.RepositoryConfigurationExtensionSupport - Spring Data Redis - Could not safely identify store assignment for repository candidate interface com.conx.server.domain.file.repository.FileRepository; If you want this repository to be a Redis repository, consider annotating your entities with one of these annotations: org.springframework.data.redis.core.RedisHash (preferred), or consider extending one of the following types with your repository: org.springframework.data.keyvalue.repository.KeyValueRepository
2026-07-23 20:32:24.938 [Test worker] INFO  o.s.d.r.c.RepositoryConfigurationExtensionSupport - Spring Data Redis - Could not safely identify store assignment for repository candidate interface com.conx.server.notification.repository.NotificationRepository; If you want this repository to be a Redis repository, consider annotating your entities with one of these annotations: org.springframework.data.redis.core.RedisHash (preferred), or consider extending one of the following types with your repository: org.springframework.data.keyvalue.repository.KeyValueRepository
2026-07-23 20:32:24.939 [Test worker] INFO  o.s.d.r.c.RepositoryConfigurationExtensionSupport - Spring Data Redis - Could not safely identify store assignment for repository candidate interface com.conx.server.project.repository.CrewProjectTodoRepository; If you want this repository to be a Redis repository, consider annotating your entities with one of these annotations: org.springframework.data.redis.core.RedisHash (preferred), or consider extending one of the following types with your repository: org.springframework.data.keyvalue.repository.KeyValueRepository
2026-07-23 20:32:24.939 [Test worker] INFO  o.s.d.r.c.RepositoryConfigurationExtensionSupport - Spring Data Redis - Could not safely identify store assignment for repository candidate interface com.conx.server.project.repository.ProjectApplicationRepository; If you want this repository to be a Redis repository, consider annotating your entities with one of these annotations: org.springframework.data.redis.core.RedisHash (preferred), or consider extending one of the following types with your repository: org.springframework.data.keyvalue.repository.KeyValueRepository
2026-07-23 20:32:24.939 [Test worker] INFO  o.s.d.r.c.RepositoryConfigurationExtensionSupport - Spring Data Redis - Could not safely identify store assignment for repository candidate interface com.conx.server.project.repository.ProjectInspectionFeedbackRepository; If you want this repository to be a Redis repository, consider annotating your entities with one of these annotations: org.springframework.data.redis.core.RedisHash (preferred), or consider extending one of the following types with your repository: org.springframework.data.keyvalue.repository.KeyValueRepository
2026-07-23 20:32:24.939 [Test worker] INFO  o.s.d.r.c.RepositoryConfigurationExtensionSupport - Spring Data Redis - Could not safely identify store assignment for repository candidate interface com.conx.server.project.repository.ProjectQuestionRepository; If you want this repository to be a Redis repository, consider annotating your entities with one of these annotations: org.springframework.data.redis.core.RedisHash (preferred), or consider extending one of the following types with your repository: org.springframework.data.keyvalue.repository.KeyValueRepository
2026-07-23 20:32:24.939 [Test worker] INFO  o.s.d.r.c.RepositoryConfigurationExtensionSupport - Spring Data Redis - Could not safely identify store assignment for repository candidate interface com.conx.server.project.repository.ProjectRepository; If you want this repository to be a Redis repository, consider annotating your entities with one of these annotations: org.springframework.data.redis.core.RedisHash (preferred), or consider extending one of the following types with your repository: org.springframework.data.keyvalue.repository.KeyValueRepository
2026-07-23 20:32:24.939 [Test worker] INFO  o.s.d.r.c.RepositoryConfigurationExtensionSupport - Spring Data Redis - Could not safely identify store assignment for repository candidate interface com.conx.server.project.repository.ProjectSettlementRepository; If you want this repository to be a Redis repository, consider annotating your entities with one of these annotations: org.springframework.data.redis.core.RedisHash (preferred), or consider extending one of the following types with your repository: org.springframework.data.keyvalue.repository.KeyValueRepository
2026-07-23 20:32:24.939 [Test worker] INFO  o.s.d.r.c.RepositoryConfigurationExtensionSupport - Spring Data Redis - Could not safely identify store assignment for repository candidate interface com.conx.server.project.repository.ProjectSubmissionCriteriaRepository; If you want this repository to be a Redis repository, consider annotating your entities with one of these annotations: org.springframework.data.redis.core.RedisHash (preferred), or consider extending one of the following types with your repository: org.springframework.data.keyvalue.repository.KeyValueRepository
2026-07-23 20:32:24.939 [Test worker] INFO  o.s.d.r.c.RepositoryConfigurationExtensionSupport - Spring Data Redis - Could not safely identify store assignment for repository candidate interface com.conx.server.project.repository.ProjectSubmissionRepository; If you want this repository to be a Redis repository, consider annotating your entities with one of these annotations: org.springframework.data.redis.core.RedisHash (preferred), or consider extending one of the following types with your repository: org.springframework.data.keyvalue.repository.KeyValueRepository
2026-07-23 20:32:24.939 [Test worker] INFO  o.s.d.r.c.RepositoryConfigurationExtensionSupport - Spring Data Redis - Could not safely identify store assignment for repository candidate interface com.conx.server.user.repository.AdminRepository; If you want this repository to be a Redis repository, consider annotating your entities with one of these annotations: org.springframework.data.redis.core.RedisHash (preferred), or consider extending one of the following types with your repository: org.springframework.data.keyvalue.repository.KeyValueRepository
2026-07-23 20:32:24.939 [Test worker] INFO  o.s.d.r.c.RepositoryConfigurationExtensionSupport - Spring Data Redis - Could not safely identify store assignment for repository candidate interface com.conx.server.user.repository.CompanyRepository; If you want this repository to be a Redis repository, consider annotating your entities with one of these annotations: org.springframework.data.redis.core.RedisHash (preferred), or consider extending one of the following types with your repository: org.springframework.data.keyvalue.repository.KeyValueRepository
2026-07-23 20:32:24.939 [Test worker] INFO  o.s.d.r.c.RepositoryConfigurationExtensionSupport - Spring Data Redis - Could not safely identify store assignment for repository candidate interface com.conx.server.user.repository.CrewEvaluationRepository; If you want this repository to be a Redis repository, consider annotating your entities with one of these annotations: org.springframework.data.redis.core.RedisHash (preferred), or consider extending one of the following types with your repository: org.springframework.data.keyvalue.repository.KeyValueRepository
2026-07-23 20:32:24.939 [Test worker] INFO  o.s.d.r.c.RepositoryConfigurationExtensionSupport - Spring Data Redis - Could not safely identify store assignment for repository candidate interface com.conx.server.user.repository.CrewFileRepository; If you want this repository to be a Redis repository, consider annotating your entities with one of these annotations: org.springframework.data.redis.core.RedisHash (preferred), or consider extending one of the following types with your repository: org.springframework.data.keyvalue.repository.KeyValueRepository
2026-07-23 20:32:24.939 [Test worker] INFO  o.s.d.r.c.RepositoryConfigurationExtensionSupport - Spring Data Redis - Could not safely identify store assignment for repository candidate interface com.conx.server.user.repository.CrewLinkRepository; If you want this repository to be a Redis repository, consider annotating your entities with one of these annotations: org.springframework.data.redis.core.RedisHash (preferred), or consider extending one of the following types with your repository: org.springframework.data.keyvalue.repository.KeyValueRepository
2026-07-23 20:32:24.940 [Test worker] INFO  o.s.d.r.c.RepositoryConfigurationExtensionSupport - Spring Data Redis - Could not safely identify store assignment for repository candidate interface com.conx.server.user.repository.CrewRepository; If you want this repository to be a Redis repository, consider annotating your entities with one of these annotations: org.springframework.data.redis.core.RedisHash (preferred), or consider extending one of the following types with your repository: org.springframework.data.keyvalue.repository.KeyValueRepository
2026-07-23 20:32:24.940 [Test worker] INFO  o.s.d.r.c.RepositoryConfigurationExtensionSupport - Spring Data Redis - Could not safely identify store assignment for repository candidate interface com.conx.server.user.repository.CrewRepresentativeProjectRepository; If you want this repository to be a Redis repository, consider annotating your entities with one of these annotations: org.springframework.data.redis.core.RedisHash (preferred), or consider extending one of the following types with your repository: org.springframework.data.keyvalue.repository.KeyValueRepository
2026-07-23 20:32:24.940 [Test worker] INFO  o.s.d.r.c.RepositoryConfigurationExtensionSupport - Spring Data Redis - Could not safely identify store assignment for repository candidate interface com.conx.server.user.repository.EmailViewLogRepository; If you want this repository to be a Redis repository, consider annotating your entities with one of these annotations: org.springframework.data.redis.core.RedisHash (preferred), or consider extending one of the following types with your repository: org.springframework.data.keyvalue.repository.KeyValueRepository
2026-07-23 20:32:24.940 [Test worker] INFO  o.s.d.r.c.RepositoryConfigurationExtensionSupport - Spring Data Redis - Could not safely identify store assignment for repository candidate interface com.conx.server.user.repository.EvaluationRepository; If you want this repository to be a Redis repository, consider annotating your entities with one of these annotations: org.springframework.data.redis.core.RedisHash (preferred), or consider extending one of the following types with your repository: org.springframework.data.keyvalue.repository.KeyValueRepository
2026-07-23 20:32:24.940 [Test worker] INFO  o.s.d.r.c.RepositoryConfigurationExtensionSupport - Spring Data Redis - Could not safely identify store assignment for repository candidate interface com.conx.server.user.repository.PersonalInformationConsentRepository; If you want this repository to be a Redis repository, consider annotating your entities with one of these annotations: org.springframework.data.redis.core.RedisHash (preferred), or consider extending one of the following types with your repository: org.springframework.data.keyvalue.repository.KeyValueRepository
2026-07-23 20:32:24.940 [Test worker] INFO  o.s.d.r.c.RepositoryConfigurationExtensionSupport - Spring Data Redis - Could not safely identify store assignment for repository candidate interface com.conx.server.user.repository.PortfolioRepository; If you want this repository to be a Redis repository, consider annotating your entities with one of these annotations: org.springframework.data.redis.core.RedisHash (preferred), or consider extending one of the following types with your repository: org.springframework.data.keyvalue.repository.KeyValueRepository
2026-07-23 20:32:24.940 [Test worker] INFO  o.s.d.r.c.RepositoryConfigurationExtensionSupport - Spring Data Redis - Could not safely identify store assignment for repository candidate interface com.conx.server.user.repository.PromotionalMessageConsentRepository; If you want this repository to be a Redis repository, consider annotating your entities with one of these annotations: org.springframework.data.redis.core.RedisHash (preferred), or consider extending one of the following types with your repository: org.springframework.data.keyvalue.repository.KeyValueRepository
2026-07-23 20:32:24.940 [Test worker] INFO  o.s.d.r.c.RepositoryConfigurationDelegate - Finished Spring Data repository scanning in 9 ms. Found 0 Redis repository interfaces.
2026-07-23 20:32:25.241 [Test worker] INFO  o.h.jpa.internal.util.LogHelper - HHH000204: Processing PersistenceUnitInfo [name: default]
2026-07-23 20:32:25.258 [Test worker] INFO  org.hibernate.Version - HHH000412: Hibernate ORM core version 6.6.29.Final
2026-07-23 20:32:25.268 [Test worker] INFO  o.h.c.i.RegionFactoryInitiator - HHH000026: Second-level cache disabled
2026-07-23 20:32:25.307 [Test worker] INFO  o.s.o.j.p.SpringPersistenceUnitInfo - No LoadTimeWeaver setup: ignoring JPA class transformer
2026-07-23 20:32:25.316 [Test worker] INFO  com.zaxxer.hikari.HikariDataSource - HikariPool-1 - Starting...
2026-07-23 20:32:25.382 [Test worker] INFO  com.zaxxer.hikari.pool.HikariPool - HikariPool-1 - Added connection conn0: url=jdbc:h2:mem:testdb user=SA
2026-07-23 20:32:25.382 [Test worker] INFO  com.zaxxer.hikari.HikariDataSource - HikariPool-1 - Start completed.
2026-07-23 20:32:25.391 [Test worker] WARN  org.hibernate.orm.deprecation - HHH90000025: H2Dialect does not need to be specified explicitly using 'hibernate.dialect' (remove the property setting and it will be selected by default)
2026-07-23 20:32:25.397 [Test worker] INFO  o.hibernate.orm.connections.pooling - HHH10001005: Database info:
	Database JDBC URL [Connecting through datasource 'HikariDataSource (HikariPool-1)']
	Database driver: undefined/unknown
	Database version: 2.3.232
	Autocommit mode: undefined/unknown
	Isolation level: undefined/unknown
	Minimum pool size: undefined/unknown
	Maximum pool size: undefined/unknown
2026-07-23 20:32:25.807 [Test worker] INFO  o.h.e.t.j.p.i.JtaPlatformInitiator - HHH000489: No JTA platform available (set 'hibernate.transaction.jta.platform' to enable JTA platform integration)
2026-07-23 20:32:25.855 [Test worker] INFO  o.s.o.j.LocalContainerEntityManagerFactoryBean - Initialized JPA EntityManagerFactory for persistence unit 'default'
2026-07-23 20:32:25.951 [Test worker] INFO  o.s.d.j.r.query.QueryEnhancerFactory - Hibernate is in classpath; If applicable, HQL parser will be used.
2026-07-23 20:32:28.310 [Test worker] WARN  o.s.b.a.o.j.JpaBaseConfiguration$JpaWebConfiguration - spring.jpa.open-in-view is enabled by default. Therefore, database queries may be performed during view rendering. Explicitly configure spring.jpa.open-in-view to disable this warning
2026-07-23 20:32:28.415 [Test worker] INFO  o.s.b.a.e.web.EndpointLinksResolver - Exposing 3 endpoints beneath base path '/actuator'
2026-07-23 20:32:28.427 [Test worker] INFO  o.s.s.c.a.a.c.InitializeUserDetailsBeanManagerConfigurer$InitializeUserDetailsManagerConfigurer - Global AuthenticationManager configured with UserDetailsService bean with name customUserDetailsService
2026-07-23 20:32:28.576 [Test worker] INFO  o.s.b.a.h.H2ConsoleAutoConfiguration - H2 console available at '/h2-console'. Database available at 'jdbc:h2:mem:testdb'
2026-07-23 20:32:28.588 [Test worker] INFO  o.s.b.t.m.w.SpringBootMockServletContext - Initializing Spring TestDispatcherServlet ''
2026-07-23 20:32:28.588 [Test worker] INFO  o.s.t.w.s.TestDispatcherServlet - Initializing Servlet ''
2026-07-23 20:32:28.589 [Test worker] INFO  o.s.t.w.s.TestDispatcherServlet - Completed initialization in 1 ms
2026-07-23 20:32:28.615 [Test worker] INFO  c.c.s.u.c.admin.AdminWorkSpaceTest - Started AdminWorkSpaceTest in 4.277 seconds (process running for 6.125)
2026-07-23 20:32:28.644 [Test worker] WARN  o.s.c.events.SpringDocAppInitializer - SpringDoc /v3/api-docs endpoint is enabled by default. To disable it in production, set the property 'springdoc.api-docs.enabled=false'
2026-07-23 20:32:28.644 [Test worker] WARN  o.s.c.events.SpringDocAppInitializer - SpringDoc /swagger-ui.html endpoint is enabled by default. To disable it in production, set the property 'springdoc.swagger-ui.enabled=false'
2026-07-23 20:32:29.352 [Test worker] INFO  o.s.mock.web.MockServletContext - Initializing Spring TestDispatcherServlet ''
2026-07-23 20:32:29.352 [Test worker] INFO  o.s.t.w.s.TestDispatcherServlet - Initializing Servlet ''
2026-07-23 20:32:29.352 [Test worker] INFO  o.s.t.w.s.TestDispatcherServlet - Completed initialization in 0 ms
2026-07-23 20:32:29.358 [Test worker] INFO  o.s.mock.web.MockServletContext - Initializing Spring TestDispatcherServlet ''
2026-07-23 20:32:29.358 [Test worker] INFO  o.s.t.w.s.TestDispatcherServlet - Initializing Servlet ''
2026-07-23 20:32:29.358 [Test worker] INFO  o.s.t.w.s.TestDispatcherServlet - Completed initialization in 0 ms
2026-07-23 20:32:29.363 [Test worker] INFO  o.s.mock.web.MockServletContext - Initializing Spring TestDispatcherServlet ''
2026-07-23 20:32:29.363 [Test worker] INFO  o.s.t.w.s.TestDispatcherServlet - Initializing Servlet ''
2026-07-23 20:32:29.363 [Test worker] INFO  o.s.t.w.s.TestDispatcherServlet - Completed initialization in 0 ms
2026-07-23 20:32:29.393 [Test worker] INFO  o.s.mock.web.MockServletContext - Initializing Spring TestDispatcherServlet ''
2026-07-23 20:32:29.393 [Test worker] INFO  o.s.t.w.s.TestDispatcherServlet - Initializing Servlet ''
2026-07-23 20:32:29.393 [Test worker] INFO  o.s.t.w.s.TestDispatcherServlet - Completed initialization in 0 ms
2026-07-23 20:32:29.399 [Test worker] INFO  o.s.mock.web.MockServletContext - Initializing Spring TestDispatcherServlet ''
2026-07-23 20:32:29.399 [Test worker] INFO  o.s.t.w.s.TestDispatcherServlet - Initializing Servlet ''
2026-07-23 20:32:29.399 [Test worker] INFO  o.s.t.w.s.TestDispatcherServlet - Completed initialization in 0 ms
2026-07-23 20:32:29.404 [Test worker] INFO  o.s.mock.web.MockServletContext - Initializing Spring TestDispatcherServlet ''
2026-07-23 20:32:29.404 [Test worker] INFO  o.s.t.w.s.TestDispatcherServlet - Initializing Servlet ''
2026-07-23 20:32:29.404 [Test worker] INFO  o.s.t.w.s.TestDispatcherServlet - Completed initialization in 0 ms
2026-07-23 20:32:29.411 [Test worker] INFO  o.s.mock.web.MockServletContext - Initializing Spring TestDispatcherServlet ''
2026-07-23 20:32:29.411 [Test worker] INFO  o.s.t.w.s.TestDispatcherServlet - Initializing Servlet ''
2026-07-23 20:32:29.411 [Test worker] INFO  o.s.t.w.s.TestDispatcherServlet - Completed initialization in 0 ms
2026-07-23 20:32:29.416 [Test worker] INFO  o.s.mock.web.MockServletContext - Initializing Spring TestDispatcherServlet ''
2026-07-23 20:32:29.416 [Test worker] INFO  o.s.t.w.s.TestDispatcherServlet - Initializing Servlet ''
2026-07-23 20:32:29.416 [Test worker] INFO  o.s.t.w.s.TestDispatcherServlet - Completed initialization in 0 ms
2026-07-23 20:32:29.423 [Test worker] INFO  o.s.mock.web.MockServletContext - Initializing Spring TestDispatcherServlet ''
2026-07-23 20:32:29.423 [Test worker] INFO  o.s.t.w.s.TestDispatcherServlet - Initializing Servlet ''
2026-07-23 20:32:29.423 [Test worker] INFO  o.s.t.w.s.TestDispatcherServlet - Completed initialization in 0 ms
2026-07-23 20:32:29.427 [Test worker] INFO  o.s.mock.web.MockServletContext - Initializing Spring TestDispatcherServlet ''
2026-07-23 20:32:29.427 [Test worker] INFO  o.s.t.w.s.TestDispatcherServlet - Initializing Servlet ''
2026-07-23 20:32:29.427 [Test worker] INFO  o.s.t.w.s.TestDispatcherServlet - Completed initialization in 0 ms
2026-07-23 20:32:29.431 [Test worker] INFO  o.s.mock.web.MockServletContext - Initializing Spring TestDispatcherServlet ''
2026-07-23 20:32:29.432 [Test worker] INFO  o.s.t.w.s.TestDispatcherServlet - Initializing Servlet ''
2026-07-23 20:32:29.432 [Test worker] INFO  o.s.t.w.s.TestDispatcherServlet - Completed initialization in 0 ms
2026-07-23 20:32:29.436 [Test worker] INFO  o.s.mock.web.MockServletContext - Initializing Spring TestDispatcherServlet ''
2026-07-23 20:32:29.436 [Test worker] INFO  o.s.t.w.s.TestDispatcherServlet - Initializing Servlet ''
2026-07-23 20:32:29.436 [Test worker] INFO  o.s.t.w.s.TestDispatcherServlet - Completed initialization in 0 ms
2026-07-23 20:32:29.440 [Test worker] INFO  o.s.mock.web.MockServletContext - Initializing Spring TestDispatcherServlet ''
2026-07-23 20:32:29.440 [Test worker] INFO  o.s.t.w.s.TestDispatcherServlet - Initializing Servlet ''
2026-07-23 20:32:29.440 [Test worker] INFO  o.s.t.w.s.TestDispatcherServlet - Completed initialization in 0 ms
2026-07-23 20:32:29.444 [Test worker] INFO  o.s.mock.web.MockServletContext - Initializing Spring TestDispatcherServlet ''
2026-07-23 20:32:29.444 [Test worker] INFO  o.s.t.w.s.TestDispatcherServlet - Initializing Servlet ''
2026-07-23 20:32:29.444 [Test worker] INFO  o.s.t.w.s.TestDispatcherServlet - Completed initialization in 0 ms
2026-07-23 20:32:29.449 [Test worker] INFO  o.s.mock.web.MockServletContext - Initializing Spring TestDispatcherServlet ''
2026-07-23 20:32:29.449 [Test worker] INFO  o.s.t.w.s.TestDispatcherServlet - Initializing Servlet ''
2026-07-23 20:32:29.449 [Test worker] INFO  o.s.t.w.s.TestDispatcherServlet - Completed initialization in 0 ms
2026-07-23 20:32:29.452 [Test worker] INFO  o.s.mock.web.MockServletContext - Initializing Spring TestDispatcherServlet ''
2026-07-23 20:32:29.452 [Test worker] INFO  o.s.t.w.s.TestDispatcherServlet - Initializing Servlet ''
2026-07-23 20:32:29.452 [Test worker] INFO  o.s.t.w.s.TestDispatcherServlet - Completed initialization in 0 ms
2026-07-23 20:32:29.495 [Test worker] INFO  o.s.mock.web.MockServletContext - Initializing Spring TestDispatcherServlet ''
2026-07-23 20:32:29.495 [Test worker] INFO  o.s.t.w.s.TestDispatcherServlet - Initializing Servlet ''
2026-07-23 20:32:29.495 [Test worker] INFO  o.s.t.w.s.TestDispatcherServlet - Completed initialization in 0 ms
2026-07-23 20:32:29.500 [Test worker] WARN  o.s.w.s.m.s.DefaultHandlerExceptionResolver - Resolved [org.springframework.web.bind.MethodArgumentNotValidException: Validation failed for argument [2] in public com.conx.server.global.common.ApiResponse<com.conx.server.user.dto.company.response.CompanySettlementCompleteResponse> com.conx.server.user.controller.company.CompanyWorkspaceController.completeSettlement(com.conx.server.global.security.userDetails.CustomUserDetails,java.lang.Long,com.conx.server.user.dto.company.request.CompanySettlementCompleteRequest): [Field error in object 'companySettlementCompleteRequest' on field 'settlementDate': rejected value [null]; codes [NotNull.companySettlementCompleteRequest.settlementDate,NotNull.settlementDate,NotNull.java.time.LocalDate,NotNull]; arguments [org.springframework.context.support.DefaultMessageSourceResolvable: codes [companySettlementCompleteRequest.settlementDate,settlementDate]; arguments []; default message [settlementDate]]; default message [must not be null]] ]
2026-07-23 20:32:29.504 [Test worker] INFO  o.s.mock.web.MockServletContext - Initializing Spring TestDispatcherServlet ''
2026-07-23 20:32:29.504 [Test worker] INFO  o.s.t.w.s.TestDispatcherServlet - Initializing Servlet ''
2026-07-23 20:32:29.504 [Test worker] INFO  o.s.t.w.s.TestDispatcherServlet - Completed initialization in 0 ms
2026-07-23 20:32:29.520 [Test worker] INFO  o.s.mock.web.MockServletContext - Initializing Spring TestDispatcherServlet ''
2026-07-23 20:32:29.520 [Test worker] INFO  o.s.t.w.s.TestDispatcherServlet - Initializing Servlet ''
2026-07-23 20:32:29.520 [Test worker] INFO  o.s.t.w.s.TestDispatcherServlet - Completed initialization in 0 ms
2026-07-23 20:32:29.524 [Test worker] INFO  o.s.mock.web.MockServletContext - Initializing Spring TestDispatcherServlet ''
2026-07-23 20:32:29.525 [Test worker] INFO  o.s.t.w.s.TestDispatcherServlet - Initializing Servlet ''
2026-07-23 20:32:29.525 [Test worker] INFO  o.s.t.w.s.TestDispatcherServlet - Completed initialization in 0 ms
2026-07-23 20:32:29.532 [Test worker] INFO  o.s.mock.web.MockServletContext - Initializing Spring TestDispatcherServlet ''
2026-07-23 20:32:29.532 [Test worker] INFO  o.s.t.w.s.TestDispatcherServlet - Initializing Servlet ''
2026-07-23 20:32:29.533 [Test worker] INFO  o.s.t.w.s.TestDispatcherServlet - Completed initialization in 1 ms
2026-07-23 20:32:29.538 [Test worker] INFO  o.s.mock.web.MockServletContext - Initializing Spring TestDispatcherServlet ''
2026-07-23 20:32:29.539 [Test worker] INFO  o.s.t.w.s.TestDispatcherServlet - Initializing Servlet ''
2026-07-23 20:32:29.539 [Test worker] INFO  o.s.t.w.s.TestDispatcherServlet - Completed initialization in 0 ms
2026-07-23 20:32:29.544 [Test worker] INFO  o.s.mock.web.MockServletContext - Initializing Spring TestDispatcherServlet ''
2026-07-23 20:32:29.544 [Test worker] INFO  o.s.t.w.s.TestDispatcherServlet - Initializing Servlet ''
2026-07-23 20:32:29.544 [Test worker] INFO  o.s.t.w.s.TestDispatcherServlet - Completed initialization in 0 ms
2026-07-23 20:32:29.549 [Test worker] INFO  o.s.mock.web.MockServletContext - Initializing Spring TestDispatcherServlet ''
2026-07-23 20:32:29.549 [Test worker] INFO  o.s.t.w.s.TestDispatcherServlet - Initializing Servlet ''
2026-07-23 20:32:29.549 [Test worker] INFO  o.s.t.w.s.TestDispatcherServlet - Completed initialization in 0 ms
2026-07-23 20:32:29.553 [Test worker] INFO  o.s.mock.web.MockServletContext - Initializing Spring TestDispatcherServlet ''
2026-07-23 20:32:29.553 [Test worker] INFO  o.s.t.w.s.TestDispatcherServlet - Initializing Servlet ''
2026-07-23 20:32:29.553 [Test worker] INFO  o.s.t.w.s.TestDispatcherServlet - Completed initialization in 0 ms
2026-07-23 20:32:29.557 [Test worker] INFO  o.s.mock.web.MockServletContext - Initializing Spring TestDispatcherServlet ''
2026-07-23 20:32:29.557 [Test worker] INFO  o.s.t.w.s.TestDispatcherServlet - Initializing Servlet ''
2026-07-23 20:32:29.557 [Test worker] INFO  o.s.t.w.s.TestDispatcherServlet - Completed initialization in 0 ms
2026-07-23 20:32:29.566 [Test worker] INFO  o.s.mock.web.MockServletContext - Initializing Spring TestDispatcherServlet ''
2026-07-23 20:32:29.566 [Test worker] INFO  o.s.t.w.s.TestDispatcherServlet - Initializing Servlet ''
2026-07-23 20:32:29.566 [Test worker] INFO  o.s.t.w.s.TestDispatcherServlet - Completed initialization in 0 ms
2026-07-23 20:32:29.574 [Test worker] INFO  o.s.mock.web.MockServletContext - Initializing Spring TestDispatcherServlet ''
2026-07-23 20:32:29.574 [Test worker] INFO  o.s.t.w.s.TestDispatcherServlet - Initializing Servlet ''
2026-07-23 20:32:29.574 [Test worker] INFO  o.s.t.w.s.TestDispatcherServlet - Completed initialization in 0 ms
2026-07-23 20:32:29.580 [Test worker] INFO  o.s.mock.web.MockServletContext - Initializing Spring TestDispatcherServlet ''
2026-07-23 20:32:29.580 [Test worker] INFO  o.s.t.w.s.TestDispatcherServlet - Initializing Servlet ''
2026-07-23 20:32:29.580 [Test worker] INFO  o.s.t.w.s.TestDispatcherServlet - Completed initialization in 0 ms
2026-07-23 20:32:29.585 [Test worker] INFO  o.s.mock.web.MockServletContext - Initializing Spring TestDispatcherServlet ''
2026-07-23 20:32:29.585 [Test worker] INFO  o.s.t.w.s.TestDispatcherServlet - Initializing Servlet ''
2026-07-23 20:32:29.585 [Test worker] INFO  o.s.t.w.s.TestDispatcherServlet - Completed initialization in 0 ms
2026-07-23 20:32:29.590 [Test worker] INFO  o.s.mock.web.MockServletContext - Initializing Spring TestDispatcherServlet ''
2026-07-23 20:32:29.590 [Test worker] INFO  o.s.t.w.s.TestDispatcherServlet - Initializing Servlet ''
2026-07-23 20:32:29.590 [Test worker] INFO  o.s.t.w.s.TestDispatcherServlet - Completed initialization in 0 ms
2026-07-23 20:32:29.596 [Test worker] INFO  o.s.mock.web.MockServletContext - Initializing Spring TestDispatcherServlet ''
2026-07-23 20:32:29.596 [Test worker] INFO  o.s.t.w.s.TestDispatcherServlet - Initializing Servlet ''
2026-07-23 20:32:29.596 [Test worker] INFO  o.s.t.w.s.TestDispatcherServlet - Completed initialization in 0 ms
2026-07-23 20:32:29.631 [Test worker] INFO  o.s.mock.web.MockServletContext - Initializing Spring TestDispatcherServlet ''
2026-07-23 20:32:29.631 [Test worker] INFO  o.s.t.w.s.TestDispatcherServlet - Initializing Servlet ''
2026-07-23 20:32:29.631 [Test worker] INFO  o.s.t.w.s.TestDispatcherServlet - Completed initialization in 0 ms
2026-07-23 20:32:29.637 [Test worker] INFO  o.s.mock.web.MockServletContext - Initializing Spring TestDispatcherServlet ''
2026-07-23 20:32:29.637 [Test worker] INFO  o.s.t.w.s.TestDispatcherServlet - Initializing Servlet ''
2026-07-23 20:32:29.637 [Test worker] INFO  o.s.t.w.s.TestDispatcherServlet - Completed initialization in 0 ms
2026-07-23 20:32:29.642 [Test worker] INFO  o.s.mock.web.MockServletContext - Initializing Spring TestDispatcherServlet ''
2026-07-23 20:32:29.642 [Test worker] INFO  o.s.t.w.s.TestDispatcherServlet - Initializing Servlet ''
2026-07-23 20:32:29.642 [Test worker] INFO  o.s.t.w.s.TestDispatcherServlet - Completed initialization in 0 ms
2026-07-23 20:32:29.648 [Test worker] INFO  o.s.t.c.s.AnnotationConfigContextLoaderUtils - Could not detect default configuration classes for test class [com.conx.server.user.controller.crew.CrewProfileTest]: CrewProfileTest does not declare any static, non-private, non-final, nested classes annotated with @Configuration.
2026-07-23 20:32:29.661 [Test worker] INFO  o.s.b.t.c.SpringBootTestContextBootstrapper - Found @SpringBootConfiguration com.conx.server.ConxServerApplication for test class com.conx.server.user.controller.crew.CrewProfileTest
2026-07-23 20:32:29.978 [Test worker] WARN  o.s.d.w.c.SpringDataJacksonConfiguration$PageModule$WarningLoggingModifier - Serializing PageImpl instances as-is is not supported, meaning that there is no guarantee about the stability of the resulting JSON structure!
	For a stable JSON structure, please use Spring Data's PagedModel (globally via @EnableSpringDataWebSupport(pageSerializationMode = VIA_DTO))
	or Spring HATEOAS and Spring Data's PagedResourcesAssembler as documented in https://docs.spring.io/spring-data/commons/reference/repositories/core-extensions.html#core.web.pageables.

2026-07-23 20:32:30.500 [Test worker] INFO  o.s.t.c.s.AnnotationConfigContextLoaderUtils - Could not detect default configuration classes for test class [com.conx.server.user.controller.crew.CrewWorkSpaceTest]: CrewWorkSpaceTest does not declare any static, non-private, non-final, nested classes annotated with @Configuration.
2026-07-23 20:32:30.501 [Test worker] INFO  o.s.b.t.c.SpringBootTestContextBootstrapper - Found @SpringBootConfiguration com.conx.server.ConxServerApplication for test class com.conx.server.user.controller.crew.CrewWorkSpaceTest
2026-07-23 20:32:36.174 [SpringApplicationShutdownHook] INFO  o.s.o.j.LocalContainerEntityManagerFactoryBean - Closing JPA EntityManagerFactory for persistence unit 'default'
2026-07-23 20:32:36.179 [SpringApplicationShutdownHook] INFO  com.zaxxer.hikari.HikariDataSource - HikariPool-1 - Shutdown initiated...
2026-07-23 20:32:36.180 [SpringApplicationShutdownHook] INFO  com.zaxxer.hikari.HikariDataSource - HikariPool-1 - Shutdown completed.
